# JRE version: OpenJDK Runtime Environment Temurin-17.0.3+7 (17.0.3+7) (build 17.0.3+7)
# Java VM: OpenJDK 64-Bit Server VM Temurin-17.0.3+7 (17.0.3+7, mixed mode, sharing, tiered, compressed oops, compressed class ptrs, g1 gc, windows-amd64)
GC Precious Log:
 CPUs: 8 total, 8 available
 Memory: 8037M
 Large Page Support: Disabled
 NUMA Support: Disabled
 Compressed Oops: Enabled (32-bit)
 Heap Region Size: 1M
 Heap Min Capacity: 8M
 Heap Initial Capacity: 126M
 Heap Max Capacity: 2010M
 Pre-touch: Disabled
 Parallel Workers: 8
 Concurrent Workers: 2
 Concurrent Refinement Workers: 8
 Periodic GC: Disabled
Heap:
 garbage-first heap   total 96256K, used 73786K [0x0000000082600000, 0x0000000100000000)
  region size 1024K, 50 young (51200K), 6 survivors (6144K)
 Metaspace       used 66153K, committed 66688K, reserved 1114112K
  class space    used 8969K, committed 9216K, reserved 1048576K
GC Heap History (20 events):
Event: 3.372 GC heap before
{Heap before GC invocations=2 (full 0):
 garbage-first heap   total 129024K, used 56645K [0x0000000082600000, 0x0000000100000000)
  region size 1024K, 51 young (52224K), 3 survivors (3072K)
 Metaspace       used 21272K, committed 21504K, reserved 1073152K
  class space    used 2704K, committed 2816K, reserved 1048576K
}
Event: 3.382 GC heap after
{Heap after GC invocations=3 (full 0):
 garbage-first heap   total 129024K, used 12945K [0x0000000082600000, 0x0000000100000000)
  region size 1024K, 6 young (6144K), 6 survivors (6144K)
 Metaspace       used 21272K, committed 21504K, reserved 1073152K
  class space    used 2704K, committed 2816K, reserved 1048576K
}
Event: 4.190 GC heap before
{Heap before GC invocations=4 (full 0):
 garbage-first heap   total 48128K, used 36497K [0x0000000082600000, 0x0000000100000000)
  region size 1024K, 30 young (30720K), 6 survivors (6144K)
 Metaspace       used 25939K, committed 26304K, reserved 1073152K
  class space    used 3375K, committed 3520K, reserved 1048576K
}
Event: 4.205 GC heap after
{Heap after GC invocations=5 (full 0):
 garbage-first heap   total 48128K, used 15267K [0x0000000082600000, 0x0000000100000000)
  region size 1024K, 6 young (6144K), 6 survivors (6144K)
 Metaspace       used 25939K, committed 26304K, reserved 1073152K
  class space    used 3375K, committed 3520K, reserved 1048576K
}
Event: 4.681 GC heap before
{Heap before GC invocations=5 (full 0):
 garbage-first heap   total 48128K, used 33699K [0x0000000082600000, 0x0000000100000000)
  region size 1024K, 24 young (24576K), 6 survivors (6144K)
 Metaspace       used 29783K, committed 30208K, reserved 1081344K
  class space    used 3867K, committed 4032K, reserved 1048576K
}
Event: 4.695 GC heap after
{Heap after GC invocations=6 (full 0):
 garbage-first heap   total 48128K, used 17688K [0x0000000082600000, 0x0000000100000000)
  region size 1024K, 3 young (3072K), 3 survivors (3072K)
 Metaspace       used 29783K, committed 30208K, reserved 1081344K
  class space    used 3867K, committed 4032K, reserved 1048576K
}
Event: 5.124 GC heap before
{Heap before GC invocations=6 (full 0):
 garbage-first heap   total 48128K, used 27928K [0x0000000082600000, 0x0000000100000000)
  region size 1024K, 14 young (14336K), 3 survivors (3072K)
 Metaspace       used 35695K, committed 36096K, reserved 1081344K
  class space    used 4538K, committed 4736K, reserved 1048576K
}
Event: 5.131 GC heap after
{Heap after GC invocations=7 (full 0):
 garbage-first heap   total 48128K, used 19254K [0x0000000082600000, 0x0000000100000000)
  region size 1024K, 2 young (2048K), 2 survivors (2048K)
 Metaspace       used 35695K, committed 36096K, reserved 1081344K
  class space    used 4538K, committed 4736K, reserved 1048576K
}
Event: 5.489 GC heap before
{Heap before GC invocations=8 (full 0):
 garbage-first heap   total 48128K, used 35638K [0x0000000082600000, 0x0000000100000000)
  region size 1024K, 18 young (18432K), 2 survivors (2048K)
 Metaspace       used 38518K, committed 38912K, reserved 1089536K
  class space    used 4898K, committed 5056K, reserved 1048576K
}
Event: 5.495 GC heap after
{Heap after GC invocations=9 (full 0):
 garbage-first heap   total 48128K, used 20390K [0x0000000082600000, 0x0000000100000000)
  region size 1024K, 2 young (2048K), 2 survivors (2048K)
 Metaspace       used 38518K, committed 38912K, reserved 1089536K
  class space    used 4898K, committed 5056K, reserved 1048576K
}
Event: 5.505 GC heap before
{Heap before GC invocations=9 (full 0):
 garbage-first heap   total 48128K, used 21414K [0x0000000082600000, 0x0000000100000000)
  region size 1024K, 3 young (3072K), 2 survivors (2048K)
 Metaspace       used 38623K, committed 39040K, reserved 1089536K
  class space    used 4913K, committed 5120K, reserved 1048576K
}
Event: 5.509 GC heap after
{Heap after GC invocations=10 (full 0):
 garbage-first heap   total 48128K, used 20582K [0x0000000082600000, 0x0000000100000000)
  region size 1024K, 1 young (1024K), 1 survivors (1024K)
 Metaspace       used 38623K, committed 39040K, reserved 1089536K
  class space    used 4913K, committed 5120K, reserved 1048576K
}
Event: 5.867 GC heap before
{Heap before GC invocations=10 (full 0):
 garbage-first heap   total 48128K, used 36966K [0x0000000082600000, 0x0000000100000000)
  region size 1024K, 17 young (17408K), 1 survivors (1024K)
 Metaspace       used 41627K, committed 41984K, reserved 1089536K
  class space    used 5400K, committed 5568K, reserved 1048576K
}
Event: 5.870 GC heap after
{Heap after GC invocations=11 (full 0):
 garbage-first heap   total 96256K, used 21084K [0x0000000082600000, 0x0000000100000000)
  region size 1024K, 1 young (1024K), 1 survivors (1024K)
 Metaspace       used 41627K, committed 41984K, reserved 1089536K
  class space    used 5400K, committed 5568K, reserved 1048576K
}
Event: 7.616 GC heap before
{Heap before GC invocations=11 (full 0):
 garbage-first heap   total 96256K, used 72284K [0x0000000082600000, 0x0000000100000000)
  region size 1024K, 51 young (52224K), 1 survivors (1024K)
 Metaspace       used 54975K, committed 55424K, reserved 1097728K
  class space    used 7448K, committed 7680K, reserved 1048576K
}
Event: 7.626 GC heap after
{Heap after GC invocations=12 (full 0):
 garbage-first heap   total 96256K, used 23879K [0x0000000082600000, 0x0000000100000000)
  region size 1024K, 4 young (4096K), 4 survivors (4096K)
 Metaspace       used 54975K, committed 55424K, reserved 1097728K
  class space    used 7448K, committed 7680K, reserved 1048576K
}
Event: 8.678 GC heap before
{Heap before GC invocations=12 (full 0):
 garbage-first heap   total 96256K, used 60743K [0x0000000082600000, 0x0000000100000000)
  region size 1024K, 41 young (41984K), 4 survivors (4096K)
 Metaspace       used 60154K, committed 60608K, reserved 1105920K
  class space    used 8175K, committed 8384K, reserved 1048576K
}
Event: 8.688 GC heap after
{Heap after GC invocations=13 (full 0):
 garbage-first heap   total 96256K, used 26396K [0x0000000082600000, 0x0000000100000000)
  region size 1024K, 6 young (6144K), 6 survivors (6144K)
 Metaspace       used 60154K, committed 60608K, reserved 1105920K
  class space    used 8175K, committed 8384K, reserved 1048576K
}
Event: 1799.152 GC heap before
{Heap before GC invocations=14 (full 0):
 garbage-first heap   total 96256K, used 73500K [0x0000000082600000, 0x0000000100000000)
  region size 1024K, 53 young (54272K), 6 survivors (6144K)
 Metaspace       used 65826K, committed 66304K, reserved 1114112K
  class space    used 8968K, committed 9216K, reserved 1048576K
}
Event: 1799.215 GC heap after
{Heap after GC invocations=15 (full 0):
 garbage-first heap   total 96256K, used 29754K [0x0000000082600000, 0x0000000100000000)
  region size 1024K, 6 young (6144K), 6 survivors (6144K)
 Metaspace       used 65826K, committed 66304K, reserved 1114112K
  class space    used 8968K, committed 9216K, reserved 1048576K
}

